<?xml version="1.0" encoding="UTF-8"?>
<!-- Generated by org.testng.reporters.JUnitXMLReporter -->
<testsuite hostname="DESKTOP-B1VO0QR" ignored="0" name="Test" tests="3" failures="0" timestamp="03 May 2019 13:12:54 GMT" time="170.265" errors="0">
  <testcase name="f" time="28.764" classname="avactisregistertest.NewTest"/>
  <testcase name="f" time="21.133" classname="avactisregistertest.NewTest"/>
  <testcase name="f" time="13.504" classname="avactisregistertest.SignInTest"/>
</testsuite> <!-- Test -->
