<?xml version="1.0" encoding="UTF-8"?>
<testng-results skipped="0" failed="0" ignored="0" total="2" passed="2">
  <reporter-output>
  </reporter-output>
  <suite name="Default suite" duration-ms="67940" started-at="2019-05-02T13:41:05Z" finished-at="2019-05-02T13:42:13Z">
    <groups>
    </groups>
    <test name="Default test" duration-ms="67940" started-at="2019-05-02T13:41:05Z" finished-at="2019-05-02T13:42:13Z">
      <class name="avactisregistertest.NewTest">
        <test-method status="PASS" signature="beforeSuite()[pri:0, instance:avactisregistertest.NewTest@26653222]" name="beforeSuite" is-config="true" duration-ms="13147" started-at="2019-05-02T19:10:52Z" finished-at="2019-05-02T19:11:05Z">
          <reporter-output>
          </reporter-output>
        </test-method> <!-- beforeSuite -->
        <test-method status="PASS" signature="beforeMethod()[pri:0, instance:avactisregistertest.NewTest@26653222]" name="beforeMethod" is-config="true" duration-ms="23654" started-at="2019-05-02T19:11:07Z" finished-at="2019-05-02T19:11:31Z">
          <reporter-output>
          </reporter-output>
        </test-method> <!-- beforeMethod -->
        <test-method status="PASS" signature="f(java.util.Map)[pri:0, instance:avactisregistertest.NewTest@26653222]" name="f" duration-ms="23121" started-at="2019-05-02T19:11:31Z" data-provider="dp" finished-at="2019-05-02T19:11:54Z">
          <params>
            <param index="0">
              <value>
                <![CDATA[{Email=tripti.shende@ymail.com, Password=Tripu1993, Re-Type Password=Tripu1993, First Name=Tripti, Last Name=Shende, Country=India, State=Maharashtra, Zip/Postal Code=411057.0, City=Pune, Address Line 1=B104, Address Line 2=Altissimo society, Contact Phone=9.145292483E9}]]>
              </value>
            </param>
          </params>
          <reporter-output>
          </reporter-output>
        </test-method> <!-- f -->
        <test-method status="PASS" signature="afterMethod()[pri:0, instance:avactisregistertest.NewTest@26653222]" name="afterMethod" is-config="true" duration-ms="0" started-at="2019-05-02T19:11:54Z" finished-at="2019-05-02T19:11:54Z">
          <reporter-output>
          </reporter-output>
        </test-method> <!-- afterMethod -->
        <test-method status="PASS" signature="beforeMethod()[pri:0, instance:avactisregistertest.NewTest@26653222]" name="beforeMethod" is-config="true" duration-ms="23" started-at="2019-05-02T19:11:54Z" finished-at="2019-05-02T19:11:54Z">
          <reporter-output>
          </reporter-output>
        </test-method> <!-- beforeMethod -->
        <test-method status="PASS" signature="f(java.util.Map)[pri:0, instance:avactisregistertest.NewTest@26653222]" name="f" duration-ms="19265" started-at="2019-05-02T19:11:54Z" data-provider="dp" finished-at="2019-05-02T19:12:13Z">
          <params>
            <param index="0">
              <value>
                <![CDATA[{Email=ankush.wasankar@gmail.com, Password=Ankush123, Re-Type Password=Ankush123, First Name=Ankush, Last Name=Wasankar, Country=Australia, State=New South Wales, Zip/Postal Code=492008.0, City=Sydney, Address Line 1=c105, Address Line 2=Altissimo society2, Contact Phone=8.109325892E9}]]>
              </value>
            </param>
          </params>
          <reporter-output>
          </reporter-output>
        </test-method> <!-- f -->
        <test-method status="PASS" signature="afterMethod()[pri:0, instance:avactisregistertest.NewTest@26653222]" name="afterMethod" is-config="true" duration-ms="0" started-at="2019-05-02T19:12:13Z" finished-at="2019-05-02T19:12:13Z">
          <reporter-output>
          </reporter-output>
        </test-method> <!-- afterMethod -->
        <test-method status="PASS" signature="teardown()[pri:0, instance:avactisregistertest.NewTest@26653222]" name="teardown" is-config="true" duration-ms="196" started-at="2019-05-02T19:12:13Z" finished-at="2019-05-02T19:12:13Z">
          <reporter-output>
          </reporter-output>
        </test-method> <!-- teardown -->
      </class> <!-- avactisregistertest.NewTest -->
    </test> <!-- Default test -->
  </suite> <!-- Default suite -->
</testng-results>
