<?xml version="1.0" encoding="UTF-8"?>
<testng-results skipped="0" failed="0" ignored="0" total="3" passed="3">
  <reporter-output>
  </reporter-output>
  <suite name="Suite" duration-ms="170265" started-at="2019-05-03T13:10:03Z" finished-at="2019-05-03T13:12:53Z">
    <groups>
    </groups>
    <test name="Test" duration-ms="170265" started-at="2019-05-03T13:10:03Z" finished-at="2019-05-03T13:12:53Z">
      <class name="avactisregistertest.NewTest">
        <test-method status="PASS" signature="beforeSuite()[pri:0, instance:avactisregistertest.NewTest@59fa1d9b]" name="beforeSuite" is-config="true" duration-ms="30539" started-at="2019-05-03T18:40:03Z" finished-at="2019-05-03T18:40:34Z">
          <reporter-output>
          </reporter-output>
        </test-method> <!-- beforeSuite -->
        <test-method status="PASS" signature="beforeMethod()[pri:0, instance:avactisregistertest.NewTest@59fa1d9b]" name="beforeMethod" is-config="true" duration-ms="36444" started-at="2019-05-03T18:40:48Z" finished-at="2019-05-03T18:41:25Z">
          <reporter-output>
          </reporter-output>
        </test-method> <!-- beforeMethod -->
        <test-method status="PASS" signature="f(java.util.Map)[pri:0, instance:avactisregistertest.NewTest@59fa1d9b]" name="f" duration-ms="28764" started-at="2019-05-03T18:41:25Z" data-provider="dp" finished-at="2019-05-03T18:41:53Z">
          <params>
            <param index="0">
              <value>
                <![CDATA[{Email=tripti.shende@ymail.com, Password=Tripu1993, Re-Type Password=Tripu1993, First Name=Tripti, Last Name=Shende, Country=India, State=Maharashtra, Zip/Postal Code=411057.0, City=Pune, Address Line 1=B104, Address Line 2=Altissimo society, Contact Phone=9.145292483E9}]]>
              </value>
            </param>
          </params>
          <reporter-output>
          </reporter-output>
        </test-method> <!-- f -->
        <test-method status="PASS" signature="afterMethod()[pri:0, instance:avactisregistertest.NewTest@59fa1d9b]" name="afterMethod" is-config="true" duration-ms="1" started-at="2019-05-03T18:41:53Z" finished-at="2019-05-03T18:41:53Z">
          <reporter-output>
          </reporter-output>
        </test-method> <!-- afterMethod -->
        <test-method status="PASS" signature="beforeMethod()[pri:0, instance:avactisregistertest.NewTest@59fa1d9b]" name="beforeMethod" is-config="true" duration-ms="90" started-at="2019-05-03T18:41:53Z" finished-at="2019-05-03T18:41:53Z">
          <reporter-output>
          </reporter-output>
        </test-method> <!-- beforeMethod -->
        <test-method status="PASS" signature="f(java.util.Map)[pri:0, instance:avactisregistertest.NewTest@59fa1d9b]" name="f" duration-ms="21133" started-at="2019-05-03T18:41:53Z" data-provider="dp" finished-at="2019-05-03T18:42:15Z">
          <params>
            <param index="0">
              <value>
                <![CDATA[{Email=ankush.wasankar@gmail.com, Password=Ankush123, Re-Type Password=Ankush123, First Name=Ankush, Last Name=Wasankar, Country=Australia, State=New South Wales, Zip/Postal Code=492008.0, City=Sydney, Address Line 1=c105, Address Line 2=Altissimo society2, Contact Phone=8.109325892E9}]]>
              </value>
            </param>
          </params>
          <reporter-output>
          </reporter-output>
        </test-method> <!-- f -->
        <test-method status="PASS" signature="teardown()[pri:0, instance:avactisregistertest.NewTest@59fa1d9b]" name="teardown" is-config="true" duration-ms="206" started-at="2019-05-03T18:42:15Z" finished-at="2019-05-03T18:42:15Z">
          <reporter-output>
          </reporter-output>
        </test-method> <!-- teardown -->
        <test-method status="PASS" signature="afterMethod()[pri:0, instance:avactisregistertest.NewTest@59fa1d9b]" name="afterMethod" is-config="true" duration-ms="0" started-at="2019-05-03T18:42:15Z" finished-at="2019-05-03T18:42:15Z">
          <reporter-output>
          </reporter-output>
        </test-method> <!-- afterMethod -->
      </class> <!-- avactisregistertest.NewTest -->
      <class name="avactisregistertest.SignInTest">
        <test-method status="PASS" signature="beforeSuite()[pri:0, instance:avactisregistertest.SignInTest@28d25987]" name="beforeSuite" is-config="true" duration-ms="13141" started-at="2019-05-03T18:42:15Z" finished-at="2019-05-03T18:42:28Z">
          <reporter-output>
          </reporter-output>
        </test-method> <!-- beforeSuite -->
        <test-method status="PASS" signature="beforeMethod()[pri:0, instance:avactisregistertest.SignInTest@28d25987]" name="beforeMethod" is-config="true" duration-ms="11596" started-at="2019-05-03T18:42:28Z" finished-at="2019-05-03T18:42:40Z">
          <reporter-output>
          </reporter-output>
        </test-method> <!-- beforeMethod -->
        <test-method status="PASS" signature="f(java.util.Map)[pri:0, instance:avactisregistertest.SignInTest@28d25987]" name="f" duration-ms="13504" started-at="2019-05-03T18:42:40Z" data-provider="dp" finished-at="2019-05-03T18:42:53Z">
          <params>
            <param index="0">
              <value>
                <![CDATA[{EmailID=tripti.shende@ymail.com, Password=Tripu@1993}]]>
              </value>
            </param>
          </params>
          <reporter-output>
          </reporter-output>
        </test-method> <!-- f -->
        <test-method status="PASS" signature="afterMethod()[pri:0, instance:avactisregistertest.SignInTest@28d25987]" name="afterMethod" is-config="true" duration-ms="0" started-at="2019-05-03T18:42:53Z" finished-at="2019-05-03T18:42:53Z">
          <reporter-output>
          </reporter-output>
        </test-method> <!-- afterMethod -->
        <test-method status="PASS" signature="teardown()[pri:0, instance:avactisregistertest.SignInTest@28d25987]" name="teardown" is-config="true" duration-ms="180" started-at="2019-05-03T18:42:53Z" finished-at="2019-05-03T18:42:53Z">
          <reporter-output>
          </reporter-output>
        </test-method> <!-- teardown -->
      </class> <!-- avactisregistertest.SignInTest -->
    </test> <!-- Test -->
  </suite> <!-- Suite -->
</testng-results>
